<?xml version="1.0" encoding="UTF-8"?>
<!-- Generated by org.testng.reporters.JUnitReportReporter -->
<testsuite hostname="Sai-PC" name="day31.MultipleWindowsandTabs" tests="1" failures="0" timestamp="6 Aug 2016 03:27:38 GMT" time="139.969" errors="0">
  <testcase name="multipleWindowTest" time="139.969" classname="day31.MultipleWindowsandTabs"/>
</testsuite> <!-- day31.MultipleWindowsandTabs -->
