<?xml version="1.0" encoding="UTF-8"?>
<!-- Generated by org.testng.reporters.JUnitReportReporter -->
<testsuite hostname="Sai-PC" name="day12.DynamicCSSSelectors" tests="1" failures="0" timestamp="8 Jul 2016 03:05:31 GMT" time="12.207" errors="0">
  <testcase name="cssTest" time="12.207" classname="day12.DynamicCSSSelectors"/>
</testsuite> <!-- day12.DynamicCSSSelectors -->
