<?xml version="1.0" encoding="UTF-8"?>
<!-- Generated by org.testng.reporters.JUnitReportReporter -->
<testsuite hostname="Sai-PC" name="day25.DatadrivenTestingOnGrid" tests="2" failures="0" timestamp="26 Jul 2016 03:28:30 GMT" time="558.597" errors="0">
  <testcase name="linkstest" time="218.067" classname="day25.DatadrivenTestingOnGrid"/>
  <testcase name="linkstest" time="340.530" classname="day25.DatadrivenTestingOnGrid"/>
</testsuite> <!-- day25.DatadrivenTestingOnGrid -->
