<?xml version="1.0" encoding="UTF-8"?>
<!-- Generated by org.testng.reporters.JUnitReportReporter -->
<testsuite hostname="Sai-PC" name="day23.testsuite.Login" tests="1" failures="0" timestamp="23 Jul 2016 02:45:36 GMT" time="27.063" errors="0">
  <testcase name="loginTest" time="27.063" classname="day23.testsuite.Login"/>
</testsuite> <!-- day23.testsuite.Login -->
