<?xml version="1.0" encoding="UTF-8"?>
<!-- Generated by org.testng.reporters.JUnitReportReporter -->
<testsuite hostname="Sai-PC" name="day10.RadioButtons1" tests="1" failures="0" timestamp="6 Jul 2016 03:08:44 GMT" time="2.854" errors="0">
  <testcase name="radioButtonsTest" time="2.854" classname="day10.RadioButtons1"/>
</testsuite> <!-- day10.RadioButtons1 -->
