<?xml version="1.0" encoding="UTF-8"?>
<!-- Generated by org.testng.reporters.JUnitReportReporter -->
<testsuite hostname="Sai-PC" name="day16.RightClick" tests="1" failures="0" timestamp="13 Jul 2016 02:49:16 GMT" time="2.189" errors="0">
  <testcase name="rightClickTest" time="2.189" classname="day16.RightClick"/>
</testsuite> <!-- day16.RightClick -->
