<?xml version="1.0" encoding="UTF-8"?>
<!-- Generated by org.testng.reporters.JUnitReportReporter -->
<testsuite hostname="Sai-PC" name="day10.RadioButtons2" tests="1" failures="0" timestamp="6 Jul 2016 03:23:22 GMT" time="4.569" errors="0">
  <testcase name="radioButtonsTest" time="4.569" classname="day10.RadioButtons2"/>
</testsuite> <!-- day10.RadioButtons2 -->
