<?xml version="1.0" encoding="UTF-8"?>
<!-- Generated by org.testng.reporters.JUnitReportReporter -->
<testsuite hostname="Sai-PC" name="day10.RadioButtons3" tests="1" failures="0" timestamp="6 Jul 2016 03:41:31 GMT" time="7.148" errors="0">
  <testcase name="radioButtonsTest" time="7.148" classname="day10.RadioButtons3"/>
</testsuite> <!-- day10.RadioButtons3 -->
