<?xml version="1.0" encoding="UTF-8"?>
<!-- Generated by org.testng.reporters.JUnitReportReporter -->
<testsuite hostname="Sai-PC" name="day16.MouseHover" tests="1" failures="0" timestamp="13 Jul 2016 02:24:29 GMT" time="1.507" errors="0">
  <testcase name="mouseHoverTest" time="1.507" classname="day16.MouseHover"/>
</testsuite> <!-- day16.MouseHover -->
