<?xml version="1.0" encoding="UTF-8"?>
<!-- Generated by org.testng.reporters.JUnitReportReporter -->
<testsuite hostname="Sai-PC" name="day17.StaticWebtableTesting2" tests="1" failures="0" timestamp="14 Jul 2016 02:41:30 GMT" time="42.272" errors="0">
  <testcase name="webtableTest" time="42.272" classname="day17.StaticWebtableTesting2"/>
</testsuite> <!-- day17.StaticWebtableTesting2 -->
