<?xml version="1.0" encoding="UTF-8"?>
<!-- Generated by org.testng.reporters.JUnitReportReporter -->
<testsuite hostname="Sai-PC" name="day26.ScreenshotsOnGrid" tests="1" failures="0" timestamp="27 Jul 2016 03:15:56 GMT" time="23.245" errors="0">
  <testcase name="loginTest" time="23.245" classname="day26.ScreenshotsOnGrid"/>
</testsuite> <!-- day26.ScreenshotsOnGrid -->
