<?xml version="1.0" encoding="UTF-8"?>
<!-- Generated by org.testng.reporters.JUnitReportReporter -->
<testsuite hostname="Sai-PC" name="day21.DatadrivenTesting3" tests="1" failures="0" timestamp="20 Jul 2016 03:03:05 GMT" time="16.542" errors="0">
  <testcase name="ajaxTest" time="16.542" classname="day21.DatadrivenTesting3"/>
</testsuite> <!-- day21.DatadrivenTesting3 -->
