<?xml version="1.0" encoding="UTF-8"?>
<!-- Generated by org.testng.reporters.JUnitReportReporter -->
<testsuite hostname="Sai-PC" name="day17.StaticWebTableTesting1" tests="1" failures="0" timestamp="14 Jul 2016 02:24:58 GMT" time="20.130" errors="0">
  <testcase name="webtableTest" time="20.130" classname="day17.StaticWebTableTesting1"/>
</testsuite> <!-- day17.StaticWebTableTesting1 -->
