<?xml version="1.0" encoding="UTF-8"?>
<!-- Generated by org.testng.reporters.JUnitReportReporter -->
<testsuite hostname="Sai-PC" name="day24.LoginUsingGrid" tests="1" failures="0" timestamp="25 Jul 2016 03:17:07 GMT" time="12.132" errors="0">
  <testcase name="loginTest" time="12.132" classname="day24.LoginUsingGrid"/>
</testsuite> <!-- day24.LoginUsingGrid -->
