<?xml version="1.0" encoding="UTF-8"?>
<!-- Generated by org.testng.reporters.JUnitReportReporter -->
<testsuite hostname="Sai-PC" name="day30.TestCase1" tests="1" failures="0" timestamp="3 Aug 2016 03:24:20 GMT" time="40.671" errors="0">
  <testcase name="loginTest" time="40.671" classname="day30.TestCase1"/>
</testsuite> <!-- day30.TestCase1 -->
