<?xml version="1.0" encoding="UTF-8"?>
<!-- Generated by org.testng.reporters.JUnitReportReporter -->
<testsuite hostname="Sai-PC" name="day14.MultipleWindows1" tests="1" failures="0" timestamp="12 Jul 2016 02:29:48 GMT" time="6.704" errors="0">
  <testcase name="multipleWindowTest" time="6.704" classname="day14.MultipleWindows1"/>
</testsuite> <!-- day14.MultipleWindows1 -->
