<?xml version="1.0" encoding="UTF-8"?>
<!-- Generated by org.testng.reporters.JUnitReportReporter -->
<testsuite hostname="Sai-PC" name="day11.XpathCreation2" tests="1" failures="0" timestamp="7 Jul 2016 03:06:15 GMT" time="12.105" errors="0">
  <testcase name="xpathTest" time="12.105" classname="day11.XpathCreation2"/>
</testsuite> <!-- day11.XpathCreation2 -->
