<?xml version="1.0" encoding="UTF-8"?>
<!-- Generated by org.testng.reporters.JUnitReportReporter -->
<testsuite hostname="Sai-PC" name="day16.SliderAutomation" tests="1" failures="0" timestamp="13 Jul 2016 03:19:25 GMT" time="4.596" errors="0">
  <testcase name="sliderTest" time="4.596" classname="day16.SliderAutomation"/>
</testsuite> <!-- day16.SliderAutomation -->
