<?xml version="1.0" encoding="UTF-8"?>
<!-- Generated by org.testng.reporters.JUnitReportReporter -->
<testsuite hostname="Sai-PC" name="day11.XpathCreation" tests="1" failures="0" timestamp="7 Jul 2016 02:47:42 GMT" time="3.116" errors="0">
  <testcase name="xpathTest" time="3.116" classname="day11.XpathCreation"/>
</testsuite> <!-- day11.XpathCreation -->
