<?xml version="1.0" encoding="UTF-8"?>
<!-- Generated by org.testng.reporters.JUnitReportReporter -->
<testsuite hostname="Sai-PC" name="day19.ExcelWebtable" tests="1" failures="0" timestamp="16 Jul 2016 03:26:35 GMT" time="34.671" errors="0">
  <testcase name="webtableTest" time="34.671" classname="day19.ExcelWebtable"/>
</testsuite> <!-- day19.ExcelWebtable -->
