<?xml version="1.0" encoding="UTF-8"?>
<!-- Generated by org.testng.reporters.JUnitReportReporter -->
<testsuite hostname="Sai-PC" name="day12.ImplicitWait" tests="1" failures="0" timestamp="8 Jul 2016 03:27:19 GMT" time="23.631" errors="0">
  <testcase name="waitTest" time="23.631" classname="day12.ImplicitWait"/>
</testsuite> <!-- day12.ImplicitWait -->
