<?xml version="1.0" encoding="UTF-8"?>
<!-- Generated by org.testng.reporters.JUnitReportReporter -->
<testsuite hostname="Sai-PC" name="day18.CalanderWebtable" tests="1" failures="0" timestamp="15 Jul 2016 02:46:43 GMT" time="17.583" errors="0">
  <testcase name="calanderTest" time="17.583" classname="day18.CalanderWebtable"/>
</testsuite> <!-- day18.CalanderWebtable -->
