<?xml version="1.0" encoding="UTF-8"?>
<!-- Generated by org.testng.reporters.JUnitReportReporter -->
<testsuite hostname="Sai-PC" name="day22.LoginUsingProperties" tests="1" failures="0" timestamp="21 Jul 2016 02:22:39 GMT" time="6.183" errors="0">
  <testcase name="loginTest" time="6.183" classname="day22.LoginUsingProperties"/>
</testsuite> <!-- day22.LoginUsingProperties -->
