<?xml version="1.0" encoding="UTF-8"?>
<!-- Generated by org.testng.reporters.JUnitReportReporter -->
<testsuite hostname="Sai-PC" name="day14.AjaxAutosuggestions" tests="1" failures="0" timestamp="11 Jul 2016 02:39:21 GMT" time="3.981" errors="0">
  <testcase name="ajaxTest" time="3.981" classname="day14.AjaxAutosuggestions"/>
</testsuite> <!-- day14.AjaxAutosuggestions -->
