<?xml version="1.0" encoding="UTF-8"?>
<!-- Generated by org.testng.reporters.JUnitReportReporter -->
<testsuite hostname="Sai-PC" name="day15.Frames1" tests="1" failures="0" timestamp="12 Jul 2016 03:00:41 GMT" time="8.840" errors="0">
  <testcase name="framesTest" time="8.840" classname="day15.Frames1"/>
</testsuite> <!-- day15.Frames1 -->
