<?xml version="1.0" encoding="UTF-8"?>
<!-- Generated by org.testng.reporters.JUnitReportReporter -->
<testsuite hostname="Sai-PC" name="day30.TestCase2" tests="1" failures="0" timestamp="5 Aug 2016 02:40:08 GMT" time="39.091" errors="0">
  <testcase name="registrationTest" time="39.091" classname="day30.TestCase2"/>
</testsuite> <!-- day30.TestCase2 -->
