<?xml version="1.0" encoding="UTF-8"?>
<!-- Generated by org.testng.reporters.JUnitReportReporter -->
<testsuite hostname="Sai-PC" name="day17.CookiesTesting" tests="1" failures="0" timestamp="14 Jul 2016 03:26:13 GMT" time="3.870" errors="0">
  <testcase name="cookiesTest" time="3.870" classname="day17.CookiesTesting"/>
</testsuite> <!-- day17.CookiesTesting -->
