<?xml version="1.0" encoding="UTF-8"?>
<!-- Generated by org.testng.reporters.JUnitReportReporter -->
<testsuite hostname="Sai-PC" name="day12.DynamicXpaths" tests="1" failures="0" timestamp="8 Jul 2016 02:24:56 GMT" time="22.807" errors="0">
  <testcase name="xpathTest" time="22.807" classname="day12.DynamicXpaths"/>
</testsuite> <!-- day12.DynamicXpaths -->
