<?xml version="1.0" encoding="UTF-8"?>
<!-- Generated by org.testng.reporters.JUnitReportReporter -->
<testsuite hostname="Sai-PC" name="day32.DatadrivenTestingthroughDB" tests="1" failures="0" timestamp="8 Aug 2016 03:28:29 GMT" time="60.345" errors="0">
  <testcase name="DBTest" time="60.345" classname="day32.DatadrivenTestingthroughDB"/>
</testsuite> <!-- day32.DatadrivenTestingthroughDB -->
