<?xml version="1.0" encoding="UTF-8"?>
<!-- Generated by org.testng.reporters.JUnitReportReporter -->
<testsuite hostname="Sai-PC" name="day13.FluentwaitExample" tests="1" failures="0" timestamp="9 Jul 2016 03:24:18 GMT" time="7.643" errors="0">
  <testcase name="waitTest" time="7.643" classname="day13.FluentwaitExample"/>
</testsuite> <!-- day13.FluentwaitExample -->
