<?xml version="1.0" encoding="UTF-8"?>
<!-- Generated by org.testng.reporters.JUnitReportReporter -->
<testsuite hostname="Sai-PC" name="day13.ExplicitwaitExample" tests="1" failures="0" timestamp="9 Jul 2016 02:56:13 GMT" time="6.747" errors="0">
  <testcase name="waitTest" time="6.747" classname="day13.ExplicitwaitExample"/>
</testsuite> <!-- day13.ExplicitwaitExample -->
