<?xml version="1.0" encoding="UTF-8"?>
<!-- Generated by org.testng.reporters.JUnitReportReporter -->
<testsuite hostname="Sai-PC" name="day21.DatadrivenTesting2" tests="1" failures="0" timestamp="20 Jul 2016 02:32:11 GMT" time="19.902" errors="0">
  <testcase name="registrationTest" time="19.902" classname="day21.DatadrivenTesting2"/>
</testsuite> <!-- day21.DatadrivenTesting2 -->
