<?xml version="1.0" encoding="UTF-8"?>
<!-- Generated by org.testng.reporters.JUnitReportReporter -->
<testsuite hostname="Sai-PC" name="day16.DragandDrop" tests="1" failures="0" timestamp="13 Jul 2016 03:02:15 GMT" time="1.004" errors="0">
  <testcase name="dragandDropTest" time="1.004" classname="day16.DragandDrop"/>
</testsuite> <!-- day16.DragandDrop -->
