<?xml version="1.0" encoding="UTF-8"?>
<!-- Generated by org.testng.reporters.JUnitReportReporter -->
<testsuite hostname="Sai-PC" name="day26.LoginusingDataProvider" tests="2" failures="0" timestamp="27 Jul 2016 02:49:07 GMT" time="43.071" errors="0">
  <testcase name="loginTest" time="12.926" classname="day26.LoginusingDataProvider"/>
  <testcase name="loginTest" time="30.145" classname="day26.LoginusingDataProvider"/>
</testsuite> <!-- day26.LoginusingDataProvider -->
