<?xml version="1.0" encoding="UTF-8"?>
<!-- Generated by org.testng.reporters.JUnitReportReporter -->
<testsuite hostname="Sai-PC" name="day22.LoginUsingKeywords" tests="1" failures="0" timestamp="21 Jul 2016 02:53:26 GMT" time="41.727" errors="0">
  <testcase name="loginTest" time="41.727" classname="day22.LoginUsingKeywords"/>
</testsuite> <!-- day22.LoginUsingKeywords -->
