<?xml version="1.0" encoding="UTF-8"?>
<!-- Generated by org.testng.reporters.JUnitReportReporter -->
<testsuite hostname="Sai-PC" name="day10.Sample" tests="2" failures="0" timestamp="6 Jul 2016 02:50:25 GMT" time="0.047" errors="0">
  <testcase name="registration" time="0.031" classname="day10.Sample"/>
  <testcase name="loginTest" time="0.016" classname="day10.Sample"/>
</testsuite> <!-- day10.Sample -->
